<?xml version="1.0" encoding="UTF-8"?>
<testsuites name="AG-Grid Test Suite" time="58.733" tests="1" failures="0" errors="0">
   <testsuite name="AG-Grid Test Suite" tests="1" failures="0" errors="0" time="58.733" skipped="0" timestamp="2023-02-11 22:44:59" hostname="inpra - DESKTOP-H7OS8JA" id="Test Suites/AG-Grid Test Suite">
      <properties>
         <property name="deviceName" value=""/>
         <property name="devicePlatform" value=""/>
         <property name="logFolder" value="D:\\katalon-projects\\Test Project\\Reports\\20230211_224446\\AG-Grid Test Suite\\20230211_224446"/>
         <property name="logFiles" value="D:\\katalon-projects\\Test Project\\Reports\\20230211_224446\\AG-Grid Test Suite\\20230211_224446\\execution0.log"/>
         <property name="attachments" value=""/>
         <property name="hostName" value="inpra - DESKTOP-H7OS8JA"/>
         <property name="os" value="Windows 10 64bit"/>
         <property name="katalonVersion" value="8.5.8.208"/>
         <property name="browser" value="Edge Chromium 110"/>
         <property name="hostAddress" value="192.168.56.1"/>
         <property name="sessionId" value="b908646953e02d4b7154d18a3e926cc2"/>
         <property name="seleniumVersion" value="3.141.59"/>
         <property name="proxyInformation" value="ProxyInformation { proxyOption=NO_PROXY, proxyServerType=HTTP, username=, password=********, proxyServerAddress=, proxyServerPort=0, executionList=&quot;&quot;, isApplyToDesiredCapabilities=true }"/>
         <property name="platform" value="Windows 10"/>
      </properties>
      <testcase name="Test Cases/AG-Grid Test" time="58.097" classname="Test Cases/AG-Grid Test" status="PASSED">
         <system-out><![CDATA[2023-02-11 22:44:59 - [TEST_CASE][PASSED] - Test Cases/AG-Grid Test: Test Cases/AG-Grid Test

2023-02-11 22:45:00 - [TEST_STEP][PASSED] - openBrowser(""): Browser is opened with url: ''

2023-02-11 22:45:01 - [MESSAGE][INFO] - Starting 'Edge Chromium' driver

2023-02-11 22:45:01 - [MESSAGE][INFO] - User set preference: ['ms:edgeOptions', '{args=[user-data-dir=C:\Users\inpra\AppData\Local\Microsoft\Edge\User Data, profile-directory=Default, -inprivate]}']

2023-02-11 22:45:06 - [MESSAGE][INFO] - Action delay is set to 0 milliseconds

2023-02-11 22:45:37 - [MESSAGE][PASSED] - Browser is opened with url: ''

2023-02-11 22:45:37 - [TEST_STEP][PASSED] - navigateToUrl("https://www.ag-grid.com/example/"): Navigate to 'https://www.ag-grid.com/example/' successfully

2023-02-11 22:45:50 - [MESSAGE][PASSED] - Navigate to 'https://www.ag-grid.com/example/' successfully

2023-02-11 22:45:50 - [TEST_STEP][NOT_RUN] - click(findTestObject("Object Repository/Page_Data Grid AG Grid Demo of high perform_17f1fd/button_Accept All Cookies")): NOT_RUN: click(findTestObject("Object Repository/Page_Data Grid AG Grid Demo of high perform_17f1fd/button_Accept All Cookies"))

2023-02-11 22:45:50 - [MESSAGE][NOT_RUN] - NOT_RUN: click(findTestObject("Object Repository/Page_Data Grid AG Grid Demo of high perform_17f1fd/button_Accept All Cookies"))

2023-02-11 22:45:50 - [TEST_STEP][PASSED] - click(findTestObject("Object Repository/Page_Data Grid AG Grid Demo of high perform_17f1fd/span_May_ag-icon ag-icon-grip")): Object: 'Object Repository/Page_Data Grid AG Grid Demo of high perform_17f1fd/span_May_ag-icon ag-icon-grip' is clicked on

2023-02-11 22:45:56 - [MESSAGE][PASSED] - Object: 'Object Repository/Page_Data Grid AG Grid Demo of high perform_17f1fd/span_May_ag-icon ag-icon-grip' is clicked on

2023-02-11 22:45:56 - [TEST_STEP][PASSED] - click(findTestObject("Object Repository/Page_Data Grid AG Grid Demo of high perform_17f1fd/div_Tablut")): Object: 'Object Repository/Page_Data Grid AG Grid Demo of high perform_17f1fd/div_Tablut' is clicked on

2023-02-11 22:45:57 - [MESSAGE][PASSED] - Object: 'Object Repository/Page_Data Grid AG Grid Demo of high perform_17f1fd/div_Tablut' is clicked on

2023-02-11 22:45:57 - [TEST_STEP][PASSED] - click(findTestObject("Object Repository/Page_Data Grid AG Grid Demo of high perform_17f1fd/div_66,433")): Object: 'Object Repository/Page_Data Grid AG Grid Demo of high perform_17f1fd/div_66,433' is clicked on

2023-02-11 22:45:57 - [MESSAGE][PASSED] - Object: 'Object Repository/Page_Data Grid AG Grid Demo of high perform_17f1fd/div_66,433' is clicked on

2023-02-11 22:45:57 - [TEST_STEP][NOT_RUN] - click(findTestObject("Object Repository/Page_Data Grid AG Grid Demo of high perform_17f1fd/input_Pivot Mode_ag-71-input")): NOT_RUN: click(findTestObject("Object Repository/Page_Data Grid AG Grid Demo of high perform_17f1fd/input_Pivot Mode_ag-71-input"))

2023-02-11 22:45:57 - [MESSAGE][NOT_RUN] - NOT_RUN: click(findTestObject("Object Repository/Page_Data Grid AG Grid Demo of high perform_17f1fd/input_Pivot Mode_ag-71-input"))

2023-02-11 22:45:57 - [TEST_STEP][NOT_RUN] - click(findTestObject("Object Repository/Page_Data Grid AG Grid Demo of high perform_17f1fd/input_Pivot Mode_ag-71-input")): NOT_RUN: click(findTestObject("Object Repository/Page_Data Grid AG Grid Demo of high perform_17f1fd/input_Pivot Mode_ag-71-input"))

2023-02-11 22:45:57 - [MESSAGE][NOT_RUN] - NOT_RUN: click(findTestObject("Object Repository/Page_Data Grid AG Grid Demo of high perform_17f1fd/input_Pivot Mode_ag-71-input"))

2023-02-11 22:45:57 - [TEST_STEP][NOT_RUN] - click(findTestObject("Object Repository/Page_Data Grid AG Grid Demo of high perform_17f1fd/span_Values")): NOT_RUN: click(findTestObject("Object Repository/Page_Data Grid AG Grid Demo of high perform_17f1fd/span_Values"))

2023-02-11 22:45:57 - [MESSAGE][NOT_RUN] - NOT_RUN: click(findTestObject("Object Repository/Page_Data Grid AG Grid Demo of high perform_17f1fd/span_Values"))

2023-02-11 22:45:57 - [TEST_STEP][NOT_RUN] - click(findTestObject("Object Repository/Page_Data Grid AG Grid Demo of high perform_17f1fd/span_Tony Smith")): NOT_RUN: click(findTestObject("Object Repository/Page_Data Grid AG Grid Demo of high perform_17f1fd/span_Tony Smith"))

2023-02-11 22:45:57 - [MESSAGE][NOT_RUN] - NOT_RUN: click(findTestObject("Object Repository/Page_Data Grid AG Grid Demo of high perform_17f1fd/span_Tony Smith"))

2023-02-11 22:45:57 - [TEST_STEP][NOT_RUN] - click(findTestObject("Object Repository/Page_Data Grid AG Grid Demo of high perform_17f1fd/span_Bank Balance")): NOT_RUN: click(findTestObject("Object Repository/Page_Data Grid AG Grid Demo of high perform_17f1fd/span_Bank Balance"))

2023-02-11 22:45:57 - [MESSAGE][NOT_RUN] - NOT_RUN: click(findTestObject("Object Repository/Page_Data Grid AG Grid Demo of high perform_17f1fd/span_Bank Balance"))

2023-02-11 22:45:57 - [TEST_STEP][NOT_RUN] - click(findTestObject("Object Repository/Page_Data Grid AG Grid Demo of high perform_17f1fd/input_Name_ag-floating-filter-input")): NOT_RUN: click(findTestObject("Object Repository/Page_Data Grid AG Grid Demo of high perform_17f1fd/input_Name_ag-floating-filter-input"))

2023-02-11 22:45:57 - [MESSAGE][NOT_RUN] - NOT_RUN: click(findTestObject("Object Repository/Page_Data Grid AG Grid Demo of high perform_17f1fd/input_Name_ag-floating-filter-input"))

2023-02-11 22:45:57 - [TEST_STEP][NOT_RUN] - setText(findTestObject("Object Repository/Page_Data Grid AG Grid Demo of high perform_17f1fd/input_Name_ag-floating-filter-input_1"), "Kevin Cole"): NOT_RUN: setText(findTestObject("Object Repository/Page_Data Grid AG Grid Demo of high perform_17f1fd/input_Name_ag-floating-filter-input_1"), "Kevin Cole")

2023-02-11 22:45:57 - [MESSAGE][NOT_RUN] - NOT_RUN: setText(findTestObject("Object Repository/Page_Data Grid AG Grid Demo of high perform_17f1fd/input_Name_ag-floating-filter-input_1"), "Kevin Cole")

2023-02-11 22:45:57 - [TEST_STEP][NOT_RUN] - sendKeys(findTestObject("Object Repository/Page_Data Grid AG Grid Demo of high perform_17f1fd/input_Name_ag-floating-filter-input_1"), Keys.chord(ENTER)): NOT_RUN: sendKeys(findTestObject("Object Repository/Page_Data Grid AG Grid Demo of high perform_17f1fd/input_Name_ag-floating-filter-input_1"), Keys.chord(ENTER))

2023-02-11 22:45:57 - [MESSAGE][NOT_RUN] - NOT_RUN: sendKeys(findTestObject("Object Repository/Page_Data Grid AG Grid Demo of high perform_17f1fd/input_Name_ag-floating-filter-input_1"), Keys.chord(ENTER))

2023-02-11 22:45:57 - [TEST_STEP][NOT_RUN] - click(findTestObject("Object Repository/Page_Data Grid AG Grid Demo of high perform_17f1fd/span_Kevin Cole")): NOT_RUN: click(findTestObject("Object Repository/Page_Data Grid AG Grid Demo of high perform_17f1fd/span_Kevin Cole"))

2023-02-11 22:45:57 - [MESSAGE][NOT_RUN] - NOT_RUN: click(findTestObject("Object Repository/Page_Data Grid AG Grid Demo of high perform_17f1fd/span_Kevin Cole"))

2023-02-11 22:45:57 - [TEST_STEP][NOT_RUN] - click(findTestObject("Object Repository/Page_Data Grid AG Grid Demo of high perform_17f1fd/span_Ireland")): NOT_RUN: click(findTestObject("Object Repository/Page_Data Grid AG Grid Demo of high perform_17f1fd/span_Ireland"))

2023-02-11 22:45:57 - [MESSAGE][NOT_RUN] - NOT_RUN: click(findTestObject("Object Repository/Page_Data Grid AG Grid Demo of high perform_17f1fd/span_Ireland"))

2023-02-11 22:45:57 - [TEST_STEP][NOT_RUN] - click(findTestObject("Object Repository/Page_Data Grid AG Grid Demo of high perform_17f1fd/span_Name_ag-icon ag-icon-filter")): NOT_RUN: click(findTestObject("Object Repository/Page_Data Grid AG Grid Demo of high perform_17f1fd/span_Name_ag-icon ag-icon-filter"))

2023-02-11 22:45:57 - [MESSAGE][NOT_RUN] - NOT_RUN: click(findTestObject("Object Repository/Page_Data Grid AG Grid Demo of high perform_17f1fd/span_Name_ag-icon ag-icon-filter"))

2023-02-11 22:45:57 - [TEST_STEP][NOT_RUN] - click(findTestObject("Object Repository/Page_Data Grid AG Grid Demo of high perform_17f1fd/div_715,03375,61847,95224,65494,24695,8771,_70f120")): NOT_RUN: click(findTestObject("Object Repository/Page_Data Grid AG Grid Demo of high perform_17f1fd/div_715,03375,61847,95224,65494,24695,8771,_70f120"))

2023-02-11 22:45:57 - [MESSAGE][NOT_RUN] - NOT_RUN: click(findTestObject("Object Repository/Page_Data Grid AG Grid Demo of high perform_17f1fd/div_715,03375,61847,95224,65494,24695,8771,_70f120"))]]></system-out>
         <system-err><![CDATA[]]></system-err>
      </testcase>
      <system-out><![CDATA[2023-02-11 22:44:59 - [TEST_SUITE][PASSED] - AG-Grid Test Suite: Test Cases/AG-Grid Test]]></system-out>
      <system-err><![CDATA[]]></system-err>
   </testsuite>
</testsuites>
